[0307/113128.408:ERROR:file_io.cc(134)] WriteFile: The pipe is being closed. (0xE8)
[0403/094326.437:ERROR:settings.cc(320)] Settings magic is not 1129342067
[0403/120434.207:ERROR:process_memory_win.cc(73)] ReadMemory at 0x7ff693330000 of 64 bytes failed: Only part of a ReadProcessMemory or WriteProcessMemory request was completed. (0x12B)
[0403/120434.391:WARNING:pe_image_reader.cc(340)] could not read dos header from C:\Program Files (x86)\Google\Chrome\Application\chrome.exe
[0403/120434.391:ERROR:process_memory_win.cc(73)] ReadMemory at 0x7fffbcfd0000 of 64 bytes failed: Only part of a ReadProcessMemory or WriteProcessMemory request was completed. (0x12B)
[0403/120434.391:WARNING:pe_image_reader.cc(340)] could not read dos header from C:\WINDOWS\SYSTEM32\ntdll.dll
[0403/120434.392:ERROR:process_memory_win.cc(73)] ReadMemory at 0x7fffbafa0000 of 64 bytes failed: Only part of a ReadProcessMemory or WriteProcessMemory request was completed. (0x12B)
[0403/120434.392:WARNING:pe_image_reader.cc(340)] could not read dos header from C:\WINDOWS\System32\KERNEL32.dll
[0403/120434.392:ERROR:process_memory_win.cc(73)] ReadMemory at 0x7fffb9c80000 of 64 bytes failed: Only part of a ReadProcessMemory or WriteProcessMemory request was completed. (0x12B)
[0403/120434.392:WARNING:pe_image_reader.cc(340)] could not read dos header from C:\WINDOWS\System32\KERNELBASE.dll
[0403/120434.392:ERROR:process_memory_win.cc(73)] ReadMemory at 0x7fffb1430000 of 64 bytes failed: Only part of a ReadProcessMemory or WriteProcessMemory request was completed. (0x12B)
[0403/120434.392:WARNING:pe_image_reader.cc(340)] could not read dos header from C:\WINDOWS\SYSTEM32\apphelp.dll
[0403/120434.392:ERROR:process_memory_win.cc(73)] ReadMemory at 0x7fffbb3b0000 of 64 bytes failed: Only part of a ReadProcessMemory or WriteProcessMemory request was completed. (0x12B)
[0403/120434.392:WARNING:pe_image_reader.cc(340)] could not read dos header from C:\WINDOWS\System32\SHELL32.dll
[0403/120434.392:ERROR:process_memory_win.cc(73)] ReadMemory at 0x7fffba700000 of 64 bytes failed: Only part of a ReadProcessMemory or WriteProcessMemory request was completed. (0x12B)
[0403/120434.392:WARNING:pe_image_reader.cc(340)] could not read dos header from C:\WINDOWS\System32\msvcrt.dll
[0403/120434.392:ERROR:process_memory_win.cc(73)] ReadMemory at 0x7fffb9b70000 of 64 bytes failed: Only part of a ReadProcessMemory or WriteProcessMemory request was completed. (0x12B)
[0403/120434.392:WARNING:pe_image_reader.cc(340)] could not read dos header from C:\WINDOWS\System32\cfgmgr32.dll
[0403/120434.392:ERROR:process_memory_win.cc(73)] ReadMemory at 0x7fffb9f00000 of 64 bytes failed: Only part of a ReadProcessMemory or WriteProcessMemory request was completed. (0x12B)
[0403/120434.392:WARNING:pe_image_reader.cc(340)] could not read dos header from C:\WINDOWS\System32\ucrtbase.dll
[0403/120434.392:ERROR:process_memory_win.cc(73)] ReadMemory at 0x7fffba4c0000 of 64 bytes failed: Only part of a ReadProcessMemory or WriteProcessMemory request was completed. (0x12B)
[0403/120434.392:WARNING:pe_image_reader.cc(340)] could not read dos header from C:\WINDOWS\System32\shcore.dll
[0403/120434.392:ERROR:process_memory_win.cc(73)] ReadMemory at 0x7fffbb280000 of 64 bytes failed: Only part of a ReadProcessMemory or WriteProcessMemory request was completed. (0x12B)
[0403/120434.392:WARNING:pe_image_reader.cc(340)] could not read dos header from C:\WINDOWS\System32\RPCRT4.dll
[0403/120434.392:ERROR:process_memory_win.cc(73)] ReadMemory at 0x7fffba8a0000 of 64 bytes failed: Only part of a ReadProcessMemory or WriteProcessMemory request was completed. (0x12B)
[0403/120434.392:WARNING:pe_image_reader.cc(340)] could not read dos header from C:\WINDOWS\System32\combase.dll
[0403/120434.392:ERROR:process_memory_win.cc(73)] ReadMemory at 0x7fffb9380000 of 64 bytes failed: Only part of a ReadProcessMemory or WriteProcessMemory request was completed. (0x12B)
[0403/120434.393:WARNING:pe_image_reader.cc(340)] could not read dos header from C:\WINDOWS\System32\bcryptPrimitives.dll
[0403/120434.393:ERROR:process_memory_win.cc(73)] ReadMemory at 0x7fffb9460000 of 64 bytes failed: Only part of a ReadProcessMemory or WriteProcessMemory request was completed. (0x12B)
[0403/120434.393:WARNING:pe_image_reader.cc(340)] could not read dos header from C:\WINDOWS\System32\windows.storage.dll
[0403/120434.393:ERROR:process_memory_win.cc(73)] ReadMemory at 0x7fffba5d0000 of 64 bytes failed: Only part of a ReadProcessMemory or WriteProcessMemory request was completed. (0x12B)
[0403/120434.393:WARNING:pe_image_reader.cc(340)] could not read dos header from C:\WINDOWS\System32\advapi32.dll
[0403/120434.393:ERROR:process_memory_win.cc(73)] ReadMemory at 0x7fffba450000 of 64 bytes failed: Only part of a ReadProcessMemory or WriteProcessMemory request was completed. (0x12B)
[0403/120434.393:WARNING:pe_image_reader.cc(340)] could not read dos header from C:\WINDOWS\System32\sechost.dll
[0403/120434.393:ERROR:process_memory_win.cc(73)] ReadMemory at 0x7fffbad50000 of 64 bytes failed: Only part of a ReadProcessMemory or WriteProcessMemory request was completed. (0x12B)
[0403/120434.393:WARNING:pe_image_reader.cc(340)] could not read dos header from C:\WINDOWS\System32\shlwapi.dll
[0403/120434.393:ERROR:process_memory_win.cc(73)] ReadMemory at 0x7fffbcf60000 of 64 bytes failed: Only part of a ReadProcessMemory or WriteProcessMemory request was completed. (0x12B)
[0403/120434.393:WARNING:pe_image_reader.cc(340)] could not read dos header from C:\WINDOWS\System32\GDI32.dll
[0403/120434.393:ERROR:process_memory_win.cc(73)] ReadMemory at 0x7fffba000000 of 64 bytes failed: Only part of a ReadProcessMemory or WriteProcessMemory request was completed. (0x12B)
[0403/120434.393:WARNING:pe_image_reader.cc(340)] could not read dos header from C:\WINDOWS\System32\gdi32full.dll
[0403/120434.393:ERROR:process_memory_win.cc(73)] ReadMemory at 0x7fffb9be0000 of 64 bytes failed: Only part of a ReadProcessMemory or WriteProcessMemory request was completed. (0x12B)
[0403/120434.393:WARNING:pe_image_reader.cc(340)] could not read dos header from C:\WINDOWS\System32\msvcp_win.dll
[0403/120434.393:ERROR:process_memory_win.cc(73)] ReadMemory at 0x7fffbae10000 of 64 bytes failed: Only part of a ReadProcessMemory or WriteProcessMemory request was completed. (0x12B)
[0403/120434.393:WARNING:pe_image_reader.cc(340)] could not read dos header from C:\WINDOWS\System32\USER32.dll
[0403/120434.393:ERROR:process_memory_win.cc(73)] ReadMemory at 0x7fffb9bc0000 of 64 bytes failed: Only part of a ReadProcessMemory or WriteProcessMemory request was completed. (0x12B)
[0403/120434.393:WARNING:pe_image_reader.cc(340)] could not read dos header from C:\WINDOWS\System32\win32u.dll
[0403/120434.393:ERROR:process_memory_win.cc(73)] ReadMemory at 0x7fffb92e0000 of 64 bytes failed: Only part of a ReadProcessMemory or WriteProcessMemory request was completed. (0x12B)
[0403/120434.393:WARNING:pe_image_reader.cc(340)] could not read dos header from C:\WINDOWS\System32\kernel.appcore.dll
[0403/120434.393:ERROR:process_memory_win.cc(73)] ReadMemory at 0x7fffb92c0000 of 64 bytes failed: Only part of a ReadProcessMemory or WriteProcessMemory request was completed. (0x12B)
[0403/120434.393:WARNING:pe_image_reader.cc(340)] could not read dos header from C:\WINDOWS\System32\profapi.dll
[0403/120434.393:ERROR:process_memory_win.cc(73)] ReadMemory at 0x7fffb9300000 of 64 bytes failed: Only part of a ReadProcessMemory or WriteProcessMemory request was completed. (0x12B)
[0403/120434.393:WARNING:pe_image_reader.cc(340)] could not read dos header from C:\WINDOWS\System32\powrprof.dll
[0403/120434.394:ERROR:process_memory_win.cc(73)] ReadMemory at 0x7fffb9370000 of 64 bytes failed: Only part of a ReadProcessMemory or WriteProcessMemory request was completed. (0x12B)
[0403/120434.394:WARNING:pe_image_reader.cc(340)] could not read dos header from C:\WINDOWS\System32\FLTLIB.DLL
[0403/120434.394:ERROR:process_memory_win.cc(73)] ReadMemory at 0x7fff90b50000 of 64 bytes failed: Only part of a ReadProcessMemory or WriteProcessMemory request was completed. (0x12B)
[0403/120434.394:WARNING:pe_image_reader.cc(340)] could not read dos header from C:\Program Files (x86)\Google\Chrome\Application\73.0.3683.86\chrome_elf.dll
[0403/120434.394:ERROR:process_memory_win.cc(73)] ReadMemory at 0x7fffadd30000 of 64 bytes failed: Only part of a ReadProcessMemory or WriteProcessMemory request was completed. (0x12B)
[0403/120434.394:WARNING:pe_image_reader.cc(340)] could not read dos header from C:\WINDOWS\SYSTEM32\VERSION.dll
[0403/120434.394:ERROR:process_memory_win.cc(73)] ReadMemory at 0x7fffb3e00000 of 64 bytes failed: Only part of a ReadProcessMemory or WriteProcessMemory request was completed. (0x12B)
[0403/120434.394:WARNING:pe_image_reader.cc(340)] could not read dos header from C:\WINDOWS\SYSTEM32\WINMM.dll
[0403/120434.394:ERROR:process_memory_win.cc(73)] ReadMemory at 0x7fffb91f0000 of 64 bytes failed: Only part of a ReadProcessMemory or WriteProcessMemory request was completed. (0x12B)
[0403/120434.394:WARNING:pe_image_reader.cc(340)] could not read dos header from C:\WINDOWS\SYSTEM32\USERENV.dll
[0403/120434.394:ERROR:process_memory_win.cc(73)] ReadMemory at 0x7fffb3dd0000 of 64 bytes failed: Only part of a ReadProcessMemory or WriteProcessMemory request was completed. (0x12B)
[0403/120434.394:WARNING:pe_image_reader.cc(340)] could not read dos header from C:\WINDOWS\SYSTEM32\WINMMBASE.dll
[0403/120434.394:ERROR:process_memory_win.cc(73)] ReadMemory at 0x7fffb8d10000 of 64 bytes failed: Only part of a ReadProcessMemory or WriteProcessMemory request was completed. (0x12B)
[0403/120434.394:WARNING:pe_image_reader.cc(340)] could not read dos header from C:\WINDOWS\SYSTEM32\CRYPTBASE.DLL
[0403/120434.394:ERROR:process_memory_win.cc(73)] ReadMemory at 0x7fffba7a0000 of 64 bytes failed: Only part of a ReadProcessMemory or WriteProcessMemory request was completed. (0x12B)
[0403/120434.394:WARNING:pe_image_reader.cc(340)] could not read dos header from C:\WINDOWS\System32\IMM32.DLL
[0403/120434.394:ERROR:process_memory_win.cc(73)] ReadMemory at 0x7fff6ecd0000 of 64 bytes failed: Only part of a ReadProcessMemory or WriteProcessMemory request was completed. (0x12B)
[0403/120434.394:WARNING:pe_image_reader.cc(340)] could not read dos header from C:\Program Files (x86)\Google\Chrome\Application\73.0.3683.86\chrome_child.dll
[0403/120434.394:ERROR:process_memory_win.cc(73)] ReadMemory at 0x7fffbce00000 of 64 bytes failed: Only part of a ReadProcessMemory or WriteProcessMemory request was completed. (0x12B)
[0403/120434.394:WARNING:pe_image_reader.cc(340)] could not read dos header from C:\WINDOWS\System32\WS2_32.dll
[0403/120434.394:ERROR:process_memory_win.cc(73)] ReadMemory at 0x18e6adf0000 of 64 bytes failed: Only part of a ReadProcessMemory or WriteProcessMemory request was completed. (0x12B)
[0403/120434.394:WARNING:pe_image_reader.cc(340)] could not read dos header from C:\WINDOWS\System32\ole32.dll
[0403/120434.394:ERROR:process_memory_win.cc(73)] ReadMemory at 0x7fffba7d0000 of 64 bytes failed: Only part of a ReadProcessMemory or WriteProcessMemory request was completed. (0x12B)
[0403/120434.394:WARNING:pe_image_reader.cc(340)] could not read dos header from C:\WINDOWS\System32\OLEAUT32.dll
[0403/120434.394:ERROR:process_memory_win.cc(73)] ReadMemory at 0x7fffb9400000 of 64 bytes failed: Only part of a ReadProcessMemory or WriteProcessMemory request was completed. (0x12B)
[0403/120434.395:WARNING:pe_image_reader.cc(340)] could not read dos header from C:\WINDOWS\System32\WINTRUST.dll
[0403/120434.395:ERROR:process_memory_win.cc(73)] ReadMemory at 0x7fffb9350000 of 64 bytes failed: Only part of a ReadProcessMemory or WriteProcessMemory request was completed. (0x12B)
[0403/120434.395:WARNING:pe_image_reader.cc(340)] could not read dos header from C:\WINDOWS\System32\MSASN1.dll
[0403/120434.395:ERROR:process_memory_win.cc(73)] ReadMemory at 0x7fffba1a0000 of 64 bytes failed: Only part of a ReadProcessMemory or WriteProcessMemory request was completed. (0x12B)
[0403/120434.395:WARNING:pe_image_reader.cc(340)] could not read dos header from C:\WINDOWS\System32\CRYPT32.dll
[0403/120434.395:ERROR:process_memory_win.cc(73)] ReadMemory at 0x7fffbc7f0000 of 64 bytes failed: Only part of a ReadProcessMemory or WriteProcessMemory request was completed. (0x12B)
[0403/120434.395:WARNING:pe_image_reader.cc(340)] could not read dos header from C:\WINDOWS\System32\USP10.dll
[0403/120434.395:ERROR:process_memory_win.cc(73)] ReadMemory at 0x7fffbce70000 of 64 bytes failed: Only part of a ReadProcessMemory or WriteProcessMemory request was completed. (0x12B)
[0403/120434.395:WARNING:pe_image_reader.cc(340)] could not read dos header from C:\WINDOWS\System32\COMDLG32.dll
[0403/120434.395:ERROR:process_memory_win.cc(73)] ReadMemory at 0x7fffb88c0000 of 64 bytes failed: Only part of a ReadProcessMemory or WriteProcessMemory request was completed. (0x12B)
[0403/120434.395:WARNING:pe_image_reader.cc(340)] could not read dos header from C:\WINDOWS\SYSTEM32\IPHLPAPI.DLL
[0403/120434.395:ERROR:process_memory_win.cc(73)] ReadMemory at 0x7fffb5af0000 of 64 bytes failed: Only part of a ReadProcessMemory or WriteProcessMemory request was completed. (0x12B)
[0403/120434.395:WARNING:pe_image_reader.cc(340)] could not read dos header from C:\WINDOWS\SYSTEM32\OLEACC.dll
[0403/120434.395:ERROR:process_memory_win.cc(73)] ReadMemory at 0x7fffaa030000 of 64 bytes failed: Only part of a ReadProcessMemory or WriteProcessMemory request was completed. (0x12B)
[0403/120434.395:WARNING:pe_image_reader.cc(340)] could not read dos header from C:\WINDOWS\SYSTEM32\DWrite.dll
[0403/120434.395:ERROR:process_memory_win.cc(73)] ReadMemory at 0x7fffb8080000 of 64 bytes failed: Only part of a ReadProcessMemory or WriteProcessMemory request was completed. (0x12B)
[0403/120434.395:WARNING:pe_image_reader.cc(340)] could not read dos header from C:\WINDOWS\SYSTEM32\dxgi.dll
[0403/120434.395:ERROR:process_memory_win.cc(73)] ReadMemory at 0x7fffb5f30000 of 64 bytes failed: Only part of a ReadProcessMemory or WriteProcessMemory request was completed. (0x12B)
[0403/120434.395:WARNING:pe_image_reader.cc(340)] could not read dos header from C:\WINDOWS\SYSTEM32\WINSPOOL.DRV
[0403/120434.395:ERROR:process_memory_win.cc(73)] ReadMemory at 0x7fffad650000 of 64 bytes failed: Only part of a ReadProcessMemory or WriteProcessMemory request was completed. (0x12B)
[0403/120434.395:WARNING:pe_image_reader.cc(340)] could not read dos header from C:\WINDOWS\SYSTEM32\dbghelp.dll
[0403/120434.395:ERROR:process_memory_win.cc(73)] ReadMemory at 0x7fffa86e0000 of 64 bytes failed: Only part of a ReadProcessMemory or WriteProcessMemory request was completed. (0x12B)
[0403/120434.395:WARNING:pe_image_reader.cc(340)] could not read dos header from C:\WINDOWS\WinSxS\amd64_microsoft.windows.common-controls_6595b64144ccf1df_6.0.17134.648_none_fb45a0e93062a6d2\COMCTL32.dll
[0403/120434.395:ERROR:process_memory_win.cc(73)] ReadMemory at 0x7fffb6c90000 of 64 bytes failed: Only part of a ReadProcessMemory or WriteProcessMemory request was completed. (0x12B)
[0403/120434.395:WARNING:pe_image_reader.cc(340)] could not read dos header from C:\WINDOWS\SYSTEM32\WINHTTP.dll
[0403/120434.395:ERROR:process_memory_win.cc(73)] ReadMemory at 0x7fffb27f0000 of 64 bytes failed: Only part of a ReadProcessMemory or WriteProcessMemory request was completed. (0x12B)
[0403/120434.396:WARNING:pe_image_reader.cc(340)] could not read dos header from C:\WINDOWS\SYSTEM32\urlmon.dll
[0403/120434.396:ERROR:process_memory_win.cc(73)] ReadMemory at 0x7fffb3970000 of 64 bytes failed: Only part of a ReadProcessMemory or WriteProcessMemory request was completed. (0x12B)
[0403/120434.396:WARNING:pe_image_reader.cc(340)] could not read dos header from C:\WINDOWS\SYSTEM32\Secur32.dll
[0403/120434.396:ERROR:process_memory_win.cc(73)] ReadMemory at 0x7fffb5cb0000 of 64 bytes failed: Only part of a ReadProcessMemory or WriteProcessMemory request was completed. (0x12B)
[0403/120434.396:WARNING:pe_image_reader.cc(340)] could not read dos header from C:\WINDOWS\SYSTEM32\dhcpcsvc.DLL
[0403/120434.396:ERROR:process_memory_win.cc(73)] ReadMemory at 0x18e6a990000 of 64 bytes failed: Only part of a ReadProcessMemory or WriteProcessMemory request was completed. (0x12B)
[0403/120434.396:WARNING:pe_image_reader.cc(340)] could not read dos header from C:\WINDOWS\System32\NSI.dll
[0403/120434.396:ERROR:process_memory_win.cc(73)] ReadMemory at 0x7fffb6a90000 of 64 bytes failed: Only part of a ReadProcessMemory or WriteProcessMemory request was completed. (0x12B)
[0403/120434.396:WARNING:pe_image_reader.cc(340)] could not read dos header from C:\WINDOWS\SYSTEM32\PROPSYS.dll
[0403/120434.396:ERROR:process_memory_win.cc(73)] ReadMemory at 0x7fffb8e20000 of 64 bytes failed: Only part of a ReadProcessMemory or WriteProcessMemory request was completed. (0x12B)
[0403/120434.396:WARNING:pe_image_reader.cc(340)] could not read dos header from C:\WINDOWS\SYSTEM32\bcrypt.dll
[0403/120434.396:ERROR:process_memory_win.cc(73)] ReadMemory at 0x7fffb2540000 of 64 bytes failed: Only part of a ReadProcessMemory or WriteProcessMemory request was completed. (0x12B)
[0403/120434.396:WARNING:pe_image_reader.cc(340)] could not read dos header from C:\WINDOWS\SYSTEM32\iertutil.dll
[0403/120434.396:ERROR:process_memory_win.cc(73)] ReadMemory at 0x7fffb91c0000 of 64 bytes failed: Only part of a ReadProcessMemory or WriteProcessMemory request was completed. (0x12B)
[0403/120434.396:WARNING:pe_image_reader.cc(340)] could not read dos header from C:\WINDOWS\SYSTEM32\SSPICLI.DLL
[0403/120434.421:ERROR:process_memory_win.cc(73)] ReadMemory at 0x72c93ed000 of 77824 bytes failed: Only part of a ReadProcessMemory or WriteProcessMemory request was completed. (0x12B)
[0403/120434.422:ERROR:process_memory_win.cc(73)] ReadMemory at 0x72c95fe000 of 8192 bytes failed: Only part of a ReadProcessMemory or WriteProcessMemory request was completed. (0x12B)
[0403/120434.422:ERROR:process_memory_win.cc(73)] ReadMemory at 0x72c97fe000 of 8192 bytes failed: Only part of a ReadProcessMemory or WriteProcessMemory request was completed. (0x12B)
[0403/120434.422:ERROR:process_memory_win.cc(73)] ReadMemory at 0x72c99fd000 of 12288 bytes failed: Only part of a ReadProcessMemory or WriteProcessMemory request was completed. (0x12B)
[0403/120434.422:ERROR:process_memory_win.cc(73)] ReadMemory at 0x72c9bf7000 of 36864 bytes failed: Only part of a ReadProcessMemory or WriteProcessMemory request was completed. (0x12B)
[0403/120434.422:ERROR:process_memory_win.cc(73)] ReadMemory at 0x72c9dfe000 of 8192 bytes failed: Only part of a ReadProcessMemory or WriteProcessMemory request was completed. (0x12B)
[0403/120434.422:ERROR:process_memory_win.cc(73)] ReadMemory at 0x72c9ffe000 of 8192 bytes failed: Only part of a ReadProcessMemory or WriteProcessMemory request was completed. (0x12B)
[0403/120434.422:ERROR:process_memory_win.cc(73)] ReadMemory at 0x72ca1fd000 of 12288 bytes failed: Only part of a ReadProcessMemory or WriteProcessMemory request was completed. (0x12B)
[0403/120434.422:ERROR:process_memory_win.cc(73)] ReadMemory at 0x72ca3fe000 of 8192 bytes failed: Only part of a ReadProcessMemory or WriteProcessMemory request was completed. (0x12B)
[0403/120434.423:ERROR:process_memory_win.cc(73)] ReadMemory at 0x72ca5fe000 of 8192 bytes failed: Only part of a ReadProcessMemory or WriteProcessMemory request was completed. (0x12B)
[0403/120434.423:ERROR:process_memory_win.cc(73)] ReadMemory at 0x72ca7fd000 of 12288 bytes failed: Only part of a ReadProcessMemory or WriteProcessMemory request was completed. (0x12B)
[0403/120434.423:ERROR:process_memory_win.cc(73)] ReadMemory at 0x72ca9fe000 of 8192 bytes failed: Only part of a ReadProcessMemory or WriteProcessMemory request was completed. (0x12B)
[0403/120434.423:ERROR:process_memory_win.cc(73)] ReadMemory at 0x72cabfe000 of 8192 bytes failed: Only part of a ReadProcessMemory or WriteProcessMemory request was completed. (0x12B)
[0403/120434.423:ERROR:process_memory_win.cc(73)] ReadMemory at 0x72cadfe000 of 8192 bytes failed: Only part of a ReadProcessMemory or WriteProcessMemory request was completed. (0x12B)
[0403/120434.423:ERROR:process_memory_win.cc(73)] ReadMemory at 0x72caffc000 of 16384 bytes failed: Only part of a ReadProcessMemory or WriteProcessMemory request was completed. (0x12B)
[0403/120434.423:ERROR:process_memory_win.cc(73)] ReadMemory at 0x72cb1fe000 of 8192 bytes failed: Only part of a ReadProcessMemory or WriteProcessMemory request was completed. (0x12B)
[0403/120434.423:ERROR:process_memory_win.cc(73)] ReadMemory at 0x72cb3fc000 of 16384 bytes failed: Only part of a ReadProcessMemory or WriteProcessMemory request was completed. (0x12B)
[0403/120434.423:ERROR:process_memory_win.cc(73)] ReadMemory at 0x72cb5fe000 of 8192 bytes failed: Only part of a ReadProcessMemory or WriteProcessMemory request was completed. (0x12B)
[0403/120434.423:ERROR:process_memory_win.cc(73)] ReadMemory at 0x72c90bf000 of 852 bytes failed: Only part of a ReadProcessMemory or WriteProcessMemory request was completed. (0x12B)
[0403/120434.424:ERROR:process_memory_win.cc(73)] ReadMemory at 0x72c90c0000 of 6024 bytes failed: Only part of a ReadProcessMemory or WriteProcessMemory request was completed. (0x12B)
[0403/120434.516:ERROR:process_memory_win.cc(73)] ReadMemory at 0x72c90c2000 of 6024 bytes failed: Only part of a ReadProcessMemory or WriteProcessMemory request was completed. (0x12B)
[0403/120434.516:ERROR:process_memory_win.cc(73)] ReadMemory at 0x72c90c4000 of 6024 bytes failed: Only part of a ReadProcessMemory or WriteProcessMemory request was completed. (0x12B)
[0403/120434.517:ERROR:process_memory_win.cc(73)] ReadMemory at 0x72c90c6000 of 6024 bytes failed: Only part of a ReadProcessMemory or WriteProcessMemory request was completed. (0x12B)
[0403/120434.517:ERROR:process_memory_win.cc(73)] ReadMemory at 0x72c90c8000 of 6024 bytes failed: Only part of a ReadProcessMemory or WriteProcessMemory request was completed. (0x12B)
[0403/120434.517:ERROR:process_memory_win.cc(73)] ReadMemory at 0x72c90ca000 of 6024 bytes failed: Only part of a ReadProcessMemory or WriteProcessMemory request was completed. (0x12B)
[0403/120434.517:ERROR:process_memory_win.cc(73)] ReadMemory at 0x72c90cc000 of 6024 bytes failed: Only part of a ReadProcessMemory or WriteProcessMemory request was completed. (0x12B)
[0403/120434.517:ERROR:process_memory_win.cc(73)] ReadMemory at 0x72c90ce000 of 6024 bytes failed: Only part of a ReadProcessMemory or WriteProcessMemory request was completed. (0x12B)
[0403/120434.517:ERROR:process_memory_win.cc(73)] ReadMemory at 0x72c90d0000 of 6024 bytes failed: Only part of a ReadProcessMemory or WriteProcessMemory request was completed. (0x12B)
[0403/120434.517:ERROR:process_memory_win.cc(73)] ReadMemory at 0x72c90d2000 of 6024 bytes failed: Only part of a ReadProcessMemory or WriteProcessMemory request was completed. (0x12B)
[0403/120434.517:ERROR:process_memory_win.cc(73)] ReadMemory at 0x72c90d4000 of 6024 bytes failed: Only part of a ReadProcessMemory or WriteProcessMemory request was completed. (0x12B)
[0403/120434.517:ERROR:process_memory_win.cc(73)] ReadMemory at 0x72c90d6000 of 6024 bytes failed: Only part of a ReadProcessMemory or WriteProcessMemory request was completed. (0x12B)
[0403/120434.518:ERROR:process_memory_win.cc(73)] ReadMemory at 0x72c90d8000 of 6024 bytes failed: Only part of a ReadProcessMemory or WriteProcessMemory request was completed. (0x12B)
[0403/120434.518:ERROR:process_memory_win.cc(73)] ReadMemory at 0x72c90da000 of 6024 bytes failed: Only part of a ReadProcessMemory or WriteProcessMemory request was completed. (0x12B)
[0403/120434.518:ERROR:process_memory_win.cc(73)] ReadMemory at 0x72c90dc000 of 6024 bytes failed: Only part of a ReadProcessMemory or WriteProcessMemory request was completed. (0x12B)
[0403/120434.518:ERROR:process_memory_win.cc(73)] ReadMemory at 0x72c90de000 of 6024 bytes failed: Only part of a ReadProcessMemory or WriteProcessMemory request was completed. (0x12B)
[0403/120434.518:ERROR:process_memory_win.cc(73)] ReadMemory at 0x72c90e0000 of 6024 bytes failed: Only part of a ReadProcessMemory or WriteProcessMemory request was completed. (0x12B)
[0403/120434.518:ERROR:process_memory_win.cc(73)] ReadMemory at 0x72c90e2000 of 6024 bytes failed: Only part of a ReadProcessMemory or WriteProcessMemory request was completed. (0x12B)
[0403/120434.518:ERROR:process_memory_win.cc(73)] ReadMemory at 0x13dd6404ca1 of 512 bytes failed: Only part of a ReadProcessMemory or WriteProcessMemory request was completed. (0x12B)
[0403/120434.518:ERROR:process_memory_win.cc(73)] ReadMemory at 0x18e6a780ab0 of 512 bytes failed: Only part of a ReadProcessMemory or WriteProcessMemory request was completed. (0x12B)
[0403/120434.541:ERROR:process_memory_win.cc(73)] ReadMemory at 0x18e6a780fc0 of 13642 bytes failed: Only part of a ReadProcessMemory or WriteProcessMemory request was completed. (0x12B)
[0403/120434.615:ERROR:process_memory_win.cc(73)] ReadMemory at 0x18e6a784520 of 1012 bytes failed: Only part of a ReadProcessMemory or WriteProcessMemory request was completed. (0x12B)
[0403/120434.644:ERROR:process_memory_win.cc(73)] ReadMemory at 0x18e6a784b38 of 118 bytes failed: Only part of a ReadProcessMemory or WriteProcessMemory request was completed. (0x12B)
[0403/120434.644:ERROR:process_memory_win.cc(73)] ReadMemory at 0x18e6a784bb0 of 1038 bytes failed: Only part of a ReadProcessMemory or WriteProcessMemory request was completed. (0x12B)
[0403/120434.644:ERROR:process_memory_win.cc(73)] ReadMemory at 0x18e6a784fc0 of 118 bytes failed: Only part of a ReadProcessMemory or WriteProcessMemory request was completed. (0x12B)
[0403/120434.644:ERROR:process_memory_win.cc(73)] ReadMemory at 0x18e6a785038 of 96 bytes failed: Only part of a ReadProcessMemory or WriteProcessMemory request was completed. (0x12B)
[0403/120434.644:ERROR:process_memory_win.cc(73)] ReadMemory at 0x18e6a7850b0 of 58 bytes failed: Only part of a ReadProcessMemory or WriteProcessMemory request was completed. (0x12B)
[0403/120434.750:ERROR:process_memory_win.cc(73)] ReadMemory at 0x18e6a7851b0 of 132 bytes failed: Only part of a ReadProcessMemory or WriteProcessMemory request was completed. (0x12B)
[0403/120434.762:ERROR:process_memory_win.cc(73)] ReadMemory at 0x18e6a785340 of 132 bytes failed: Only part of a ReadProcessMemory or WriteProcessMemory request was completed. (0x12B)
[0403/120434.779:ERROR:process_memory_win.cc(73)] ReadMemory at 0x18e6a785500 of 124 bytes failed: Only part of a ReadProcessMemory or WriteProcessMemory request was completed. (0x12B)
[0403/120434.780:ERROR:process_memory_win.cc(73)] ReadMemory at 0x18e6a7860f0 of 132 bytes failed: Only part of a ReadProcessMemory or WriteProcessMemory request was completed. (0x12B)
[0403/120434.790:ERROR:process_memory_win.cc(73)] ReadMemory at 0x18e6a786280 of 64 bytes failed: Only part of a ReadProcessMemory or WriteProcessMemory request was completed. (0x12B)
[0403/120434.881:ERROR:process_memory_win.cc(73)] ReadMemory at 0x18e6a7862d0 of 132 bytes failed: Only part of a ReadProcessMemory or WriteProcessMemory request was completed. (0x12B)
[0403/120434.881:ERROR:process_memory_win.cc(73)] ReadMemory at 0x18e6a786640 of 62 bytes failed: Only part of a ReadProcessMemory or WriteProcessMemory request was completed. (0x12B)
[0403/120434.881:ERROR:process_memory_win.cc(73)] ReadMemory at 0x18e6a7866d0 of 132 bytes failed: Only part of a ReadProcessMemory or WriteProcessMemory request was completed. (0x12B)
[0403/120434.881:ERROR:process_memory_win.cc(73)] ReadMemory at 0x18e6a786860 of 68 bytes failed: Only part of a ReadProcessMemory or WriteProcessMemory request was completed. (0x12B)
[0403/120434.881:ERROR:process_memory_win.cc(73)] ReadMemory at 0x18e6a792610 of 60 bytes failed: Only part of a ReadProcessMemory or WriteProcessMemory request was completed. (0x12B)
[0403/120434.881:ERROR:process_memory_win.cc(73)] ReadMemory at 0x18e6a792660 of 62 bytes failed: Only part of a ReadProcessMemory or WriteProcessMemory request was completed. (0x12B)
[0403/120434.881:ERROR:process_memory_win.cc(73)] ReadMemory at 0x18e6a7926b0 of 58 bytes failed: Only part of a ReadProcessMemory or WriteProcessMemory request was completed. (0x12B)
[0403/120434.904:ERROR:process_memory_win.cc(73)] ReadMemory at 0x18e6a792700 of 60 bytes failed: Only part of a ReadProcessMemory or WriteProcessMemory request was completed. (0x12B)
[0403/120434.904:ERROR:process_memory_win.cc(73)] ReadMemory at 0x18e6a792750 of 60 bytes failed: Only part of a ReadProcessMemory or WriteProcessMemory request was completed. (0x12B)
[0403/120434.904:ERROR:process_memory_win.cc(73)] ReadMemory at 0x18e6a7927a0 of 62 bytes failed: Only part of a ReadProcessMemory or WriteProcessMemory request was completed. (0x12B)
[0403/120434.904:ERROR:process_memory_win.cc(73)] ReadMemory at 0x18e6a7927f0 of 64 bytes failed: Only part of a ReadProcessMemory or WriteProcessMemory request was completed. (0x12B)
[0403/120434.905:ERROR:process_memory_win.cc(73)] ReadMemory at 0x18e6a792840 of 64 bytes failed: Only part of a ReadProcessMemory or WriteProcessMemory request was completed. (0x12B)
[0403/120434.905:ERROR:process_memory_win.cc(73)] ReadMemory at 0x18e6a792890 of 66 bytes failed: Only part of a ReadProcessMemory or WriteProcessMemory request was completed. (0x12B)
[0403/120434.905:ERROR:process_memory_win.cc(73)] ReadMemory at 0x18e6a792980 of 66 bytes failed: Only part of a ReadProcessMemory or WriteProcessMemory request was completed. (0x12B)
[0403/120434.905:ERROR:process_memory_win.cc(73)] ReadMemory at 0x18e6a7929d0 of 60 bytes failed: Only part of a ReadProcessMemory or WriteProcessMemory request was completed. (0x12B)
[0403/120434.905:ERROR:process_memory_win.cc(73)] ReadMemory at 0x18e6a792a20 of 62 bytes failed: Only part of a ReadProcessMemory or WriteProcessMemory request was completed. (0x12B)
[0403/120434.905:ERROR:process_memory_win.cc(73)] ReadMemory at 0x18e6a792ac0 of 60 bytes failed: Only part of a ReadProcessMemory or WriteProcessMemory request was completed. (0x12B)
[0403/120434.905:ERROR:process_memory_win.cc(73)] ReadMemory at 0x18e6a792b10 of 64 bytes failed: Only part of a ReadProcessMemory or WriteProcessMemory request was completed. (0x12B)
[0403/120434.905:ERROR:process_memory_win.cc(73)] ReadMemory at 0x18e6a792b60 of 64 bytes failed: Only part of a ReadProcessMemory or WriteProcessMemory request was completed. (0x12B)
[0403/120434.905:ERROR:process_memory_win.cc(73)] ReadMemory at 0x18e6a792ca0 of 60 bytes failed: Only part of a ReadProcessMemory or WriteProcessMemory request was completed. (0x12B)
[0403/120434.905:ERROR:process_memory_win.cc(73)] ReadMemory at 0x18e6a792cf0 of 62 bytes failed: Only part of a ReadProcessMemory or WriteProcessMemory request was completed. (0x12B)
[0403/120434.905:ERROR:process_memory_win.cc(73)] ReadMemory at 0x18e6a792d40 of 62 bytes failed: Only part of a ReadProcessMemory or WriteProcessMemory request was completed. (0x12B)
[0403/120434.928:ERROR:process_memory_win.cc(73)] ReadMemory at 0x18e6a793080 of 132 bytes failed: Only part of a ReadProcessMemory or WriteProcessMemory request was completed. (0x12B)
[0403/120434.928:ERROR:process_memory_win.cc(73)] ReadMemory at 0x18e6a7931b0 of 156 bytes failed: Only part of a ReadProcessMemory or WriteProcessMemory request was completed. (0x12B)
[0403/120434.928:ERROR:process_memory_win.cc(73)] ReadMemory at 0x18e6a793290 of 132 bytes failed: Only part of a ReadProcessMemory or WriteProcessMemory request was completed. (0x12B)
[0403/120434.928:ERROR:process_memory_win.cc(73)] ReadMemory at 0x18e6a793340 of 512 bytes failed: Only part of a ReadProcessMemory or WriteProcessMemory request was completed. (0x12B)
[0403/120434.928:ERROR:process_memory_win.cc(73)] ReadMemory at 0x18e6a794d60 of 80 bytes failed: Only part of a ReadProcessMemory or WriteProcessMemory request was completed. (0x12B)
[0403/120434.928:ERROR:process_memory_win.cc(73)] ReadMemory at 0x18e6a794fa0 of 78 bytes failed: Only part of a ReadProcessMemory or WriteProcessMemory request was completed. (0x12B)
[0403/120434.928:ERROR:process_memory_win.cc(73)] ReadMemory at 0x18e6a795340 of 132 bytes failed: Only part of a ReadProcessMemory or WriteProcessMemory request was completed. (0x12B)
[0403/120434.928:ERROR:process_memory_win.cc(73)] ReadMemory at 0x18e6a795640 of 132 bytes failed: Only part of a ReadProcessMemory or WriteProcessMemory request was completed. (0x12B)
[0403/120435.025:ERROR:process_memory_win.cc(73)] ReadMemory at 0x18e6a795970 of 132 bytes failed: Only part of a ReadProcessMemory or WriteProcessMemory request was completed. (0x12B)
[0403/120435.025:ERROR:process_memory_win.cc(73)] ReadMemory at 0x18e6a796b80 of 132 bytes failed: Only part of a ReadProcessMemory or WriteProcessMemory request was completed. (0x12B)
[0403/120435.025:ERROR:process_memory_win.cc(73)] ReadMemory at 0x18e6a796f20 of 132 bytes failed: Only part of a ReadProcessMemory or WriteProcessMemory request was completed. (0x12B)
[0403/120435.025:ERROR:process_memory_win.cc(73)] ReadMemory at 0x18e6a797210 of 132 bytes failed: Only part of a ReadProcessMemory or WriteProcessMemory request was completed. (0x12B)
[0403/120435.053:ERROR:process_memory_win.cc(73)] ReadMemory at 0x18e6a7975d0 of 132 bytes failed: Only part of a ReadProcessMemory or WriteProcessMemory request was completed. (0x12B)
[0403/120435.054:ERROR:process_memory_win.cc(73)] ReadMemory at 0x18e6a797820 of 132 bytes failed: Only part of a ReadProcessMemory or WriteProcessMemory request was completed. (0x12B)
[0403/120435.054:ERROR:process_memory_win.cc(73)] ReadMemory at 0x18e6a798450 of 132 bytes failed: Only part of a ReadProcessMemory or WriteProcessMemory request was completed. (0x12B)
[0403/120435.054:ERROR:process_memory_win.cc(73)] ReadMemory at 0x18e6a798580 of 132 bytes failed: Only part of a ReadProcessMemory or WriteProcessMemory request was completed. (0x12B)
[0403/120435.054:ERROR:process_memory_win.cc(73)] ReadMemory at 0x18e6a7986b0 of 132 bytes failed: Only part of a ReadProcessMemory or WriteProcessMemory request was completed. (0x12B)
[0403/120435.054:ERROR:process_memory_win.cc(73)] ReadMemory at 0x18e6a7987e0 of 132 bytes failed: Only part of a ReadProcessMemory or WriteProcessMemory request was completed. (0x12B)
[0403/120435.054:ERROR:process_memory_win.cc(73)] ReadMemory at 0x18e6a798910 of 132 bytes failed: Only part of a ReadProcessMemory or WriteProcessMemory request was completed. (0x12B)
[0403/120435.054:ERROR:process_memory_win.cc(73)] ReadMemory at 0x18e6a798a40 of 132 bytes failed: Only part of a ReadProcessMemory or WriteProcessMemory request was completed. (0x12B)
[0403/120435.180:ERROR:process_memory_win.cc(73)] ReadMemory at 0x18e6a798b70 of 132 bytes failed: Only part of a ReadProcessMemory or WriteProcessMemory request was completed. (0x12B)
[0403/120435.180:ERROR:process_memory_win.cc(73)] ReadMemory at 0x18e6a798ca0 of 132 bytes failed: Only part of a ReadProcessMemory or WriteProcessMemory request was completed. (0x12B)
[0403/120435.180:ERROR:process_memory_win.cc(73)] ReadMemory at 0x18e6a798dd0 of 132 bytes failed: Only part of a ReadProcessMemory or WriteProcessMemory request was completed. (0x12B)
[0403/120435.180:ERROR:process_memory_win.cc(73)] ReadMemory at 0x18e6a798f00 of 132 bytes failed: Only part of a ReadProcessMemory or WriteProcessMemory request was completed. (0x12B)
[0403/120435.180:ERROR:process_memory_win.cc(73)] ReadMemory at 0x18e6a799030 of 132 bytes failed: Only part of a ReadProcessMemory or WriteProcessMemory request was completed. (0x12B)
[0403/120435.181:ERROR:process_memory_win.cc(73)] ReadMemory at 0x18e6a799160 of 132 bytes failed: Only part of a ReadProcessMemory or WriteProcessMemory request was completed. (0x12B)
[0403/120435.181:ERROR:process_memory_win.cc(73)] ReadMemory at 0x18e6a799290 of 132 bytes failed: Only part of a ReadProcessMemory or WriteProcessMemory request was completed. (0x12B)
[0403/120435.181:ERROR:process_memory_win.cc(73)] ReadMemory at 0x18e6a799830 of 246 bytes failed: Only part of a ReadProcessMemory or WriteProcessMemory request was completed. (0x12B)
[0403/120435.181:ERROR:process_memory_win.cc(73)] ReadMemory at 0x18e6a79a7d0 of 76 bytes failed: Only part of a ReadProcessMemory or WriteProcessMemory request was completed. (0x12B)
[0403/120435.181:ERROR:process_memory_win.cc(73)] ReadMemory at 0x18e6a79b540 of 132 bytes failed: Only part of a ReadProcessMemory or WriteProcessMemory request was completed. (0x12B)
[0403/120435.182:ERROR:process_memory_win.cc(73)] ReadMemory at 0x18e6a79b670 of 132 bytes failed: Only part of a ReadProcessMemory or WriteProcessMemory request was completed. (0x12B)
[0403/120435.182:ERROR:process_memory_win.cc(73)] ReadMemory at 0x18e6a79b7a0 of 132 bytes failed: Only part of a ReadProcessMemory or WriteProcessMemory request was completed. (0x12B)
[0403/120435.376:ERROR:process_memory_win.cc(73)] ReadMemory at 0x18e6a79b8d0 of 132 bytes failed: Only part of a ReadProcessMemory or WriteProcessMemory request was completed. (0x12B)
[0403/120435.376:ERROR:process_memory_win.cc(73)] ReadMemory at 0x18e6a79ba00 of 132 bytes failed: Only part of a ReadProcessMemory or WriteProcessMemory request was completed. (0x12B)
[0403/120435.376:ERROR:process_memory_win.cc(73)] ReadMemory at 0x18e6a79bb30 of 132 bytes failed: Only part of a ReadProcessMemory or WriteProcessMemory request was completed. (0x12B)
[0403/120435.376:ERROR:process_memory_win.cc(73)] ReadMemory at 0x18e6a79bc60 of 132 bytes failed: Only part of a ReadProcessMemory or WriteProcessMemory request was completed. (0x12B)
[0403/120435.376:ERROR:process_memory_win.cc(73)] ReadMemory at 0x18e6a79bd90 of 132 bytes failed: Only part of a ReadProcessMemory or WriteProcessMemory request was completed. (0x12B)
[0403/120435.376:ERROR:process_memory_win.cc(73)] ReadMemory at 0x18e6a79bec0 of 132 bytes failed: Only part of a ReadProcessMemory or WriteProcessMemory request was completed. (0x12B)
[0403/120435.376:ERROR:process_memory_win.cc(73)] ReadMemory at 0x18e6a79bff0 of 132 bytes failed: Only part of a ReadProcessMemory or WriteProcessMemory request was completed. (0x12B)
[0403/120435.440:ERROR:process_memory_win.cc(73)] ReadMemory at 0x18e6a79c120 of 132 bytes failed: Only part of a ReadProcessMemory or WriteProcessMemory request was completed. (0x12B)
[0403/120435.440:ERROR:process_memory_win.cc(73)] ReadMemory at 0x18e6a79c250 of 132 bytes failed: Only part of a ReadProcessMemory or WriteProcessMemory request was completed. (0x12B)
[0403/120435.467:ERROR:process_memory_win.cc(73)] ReadMemory at 0x18e6a79c380 of 132 bytes failed: Only part of a ReadProcessMemory or WriteProcessMemory request was completed. (0x12B)
[0403/120435.467:ERROR:process_memory_win.cc(73)] ReadMemory at 0x18e6a79c4b0 of 132 bytes failed: Only part of a ReadProcessMemory or WriteProcessMemory request was completed. (0x12B)
[0403/120435.467:ERROR:process_memory_win.cc(73)] ReadMemory at 0x18e6a79c5e0 of 132 bytes failed: Only part of a ReadProcessMemory or WriteProcessMemory request was completed. (0x12B)
[0403/120435.467:ERROR:process_memory_win.cc(73)] ReadMemory at 0x18e6a79c710 of 132 bytes failed: Only part of a ReadProcessMemory or WriteProcessMemory request was completed. (0x12B)
[0403/120435.467:ERROR:process_memory_win.cc(73)] ReadMemory at 0x18e6a79c840 of 132 bytes failed: Only part of a ReadProcessMemory or WriteProcessMemory request was completed. (0x12B)
[0403/120435.468:ERROR:process_memory_win.cc(73)] ReadMemory at 0x18e6a79c970 of 132 bytes failed: Only part of a ReadProcessMemory or WriteProcessMemory request was completed. (0x12B)
[0403/120435.468:ERROR:process_memory_win.cc(73)] ReadMemory at 0x18e6a79caa0 of 132 bytes failed: Only part of a ReadProcessMemory or WriteProcessMemory request was completed. (0x12B)
[0403/120435.468:ERROR:process_memory_win.cc(73)] ReadMemory at 0x18e6a79cd00 of 132 bytes failed: Only part of a ReadProcessMemory or WriteProcessMemory request was completed. (0x12B)
[0403/120435.468:ERROR:process_memory_win.cc(73)] ReadMemory at 0x18e6a79ce30 of 132 bytes failed: Only part of a ReadProcessMemory or WriteProcessMemory request was completed. (0x12B)
[0403/120435.468:ERROR:process_memory_win.cc(73)] ReadMemory at 0x18e6a79cf60 of 132 bytes failed: Only part of a ReadProcessMemory or WriteProcessMemory request was completed. (0x12B)
[0403/120435.468:ERROR:process_memory_win.cc(73)] ReadMemory at 0x18e6a79d090 of 132 bytes failed: Only part of a ReadProcessMemory or WriteProcessMemory request was completed. (0x12B)
[0403/120435.633:ERROR:process_memory_win.cc(73)] ReadMemory at 0x18e6a79d1c0 of 132 bytes failed: Only part of a ReadProcessMemory or WriteProcessMemory request was completed. (0x12B)
[0403/120435.633:ERROR:process_memory_win.cc(73)] ReadMemory at 0x18e6a79d2f0 of 132 bytes failed: Only part of a ReadProcessMemory or WriteProcessMemory request was completed. (0x12B)
[0403/120435.745:ERROR:process_memory_win.cc(73)] ReadMemory at 0x18e6a79d5e0 of 152 bytes failed: Only part of a ReadProcessMemory or WriteProcessMemory request was completed. (0x12B)
[0403/120435.745:ERROR:process_memory_win.cc(73)] ReadMemory at 0x18e6a79f7d0 of 62 bytes failed: Only part of a ReadProcessMemory or WriteProcessMemory request was completed. (0x12B)
[0403/120435.745:ERROR:process_memory_win.cc(73)] ReadMemory at 0x18e6a79faf0 of 66 bytes failed: Only part of a ReadProcessMemory or WriteProcessMemory request was completed. (0x12B)
[0403/120435.745:ERROR:process_memory_win.cc(73)] ReadMemory at 0x18e6a79fb40 of 66 bytes failed: Only part of a ReadProcessMemory or WriteProcessMemory request was completed. (0x12B)
[0403/120435.745:ERROR:process_memory_win.cc(73)] ReadMemory at 0x18e6a7a00e0 of 58 bytes failed: Only part of a ReadProcessMemory or WriteProcessMemory request was completed. (0x12B)
[0403/120435.780:ERROR:process_memory_win.cc(73)] ReadMemory at 0x18e6a7a0180 of 58 bytes failed: Only part of a ReadProcessMemory or WriteProcessMemory request was completed. (0x12B)
[0403/120435.803:ERROR:process_memory_win.cc(73)] ReadMemory at 0x18e6a7a01d0 of 62 bytes failed: Only part of a ReadProcessMemory or WriteProcessMemory request was completed. (0x12B)
[0403/120435.804:ERROR:process_memory_win.cc(73)] ReadMemory at 0x18e6a7ab510 of 54 bytes failed: Only part of a ReadProcessMemory or WriteProcessMemory request was completed. (0x12B)
[0403/120435.804:ERROR:process_memory_win.cc(73)] ReadMemory at 0x18e6a7ae370 of 60 bytes failed: Only part of a ReadProcessMemory or WriteProcessMemory request was completed. (0x12B)
[0403/120435.804:ERROR:process_memory_win.cc(73)] ReadMemory at 0x18e6a7ae3c0 of 60 bytes failed: Only part of a ReadProcessMemory or WriteProcessMemory request was completed. (0x12B)
[0403/120435.804:ERROR:process_memory_win.cc(73)] ReadMemory at 0x18e6a7ae460 of 60 bytes failed: Only part of a ReadProcessMemory or WriteProcessMemory request was completed. (0x12B)
[0403/120435.804:ERROR:process_memory_win.cc(73)] ReadMemory at 0x18e6a7ae550 of 64 bytes failed: Only part of a ReadProcessMemory or WriteProcessMemory request was completed. (0x12B)
[0403/120435.805:ERROR:process_memory_win.cc(73)] ReadMemory at 0x18e6a7ae5f0 of 62 bytes failed: Only part of a ReadProcessMemory or WriteProcessMemory request was completed. (0x12B)
[0403/120435.825:ERROR:process_memory_win.cc(73)] ReadMemory at 0x18e6a7ae730 of 56 bytes failed: Only part of a ReadProcessMemory or WriteProcessMemory request was completed. (0x12B)
[0403/120435.826:ERROR:process_memory_win.cc(73)] ReadMemory at 0x18e6a7ae8c0 of 64 bytes failed: Only part of a ReadProcessMemory or WriteProcessMemory request was completed. (0x12B)
[0403/120435.826:ERROR:process_memory_win.cc(73)] ReadMemory at 0x18e6a7ae910 of 64 bytes failed: Only part of a ReadProcessMemory or WriteProcessMemory request was completed. (0x12B)
[0403/120435.826:ERROR:process_memory_win.cc(73)] ReadMemory at 0x18e6a7ae9b0 of 62 bytes failed: Only part of a ReadProcessMemory or WriteProcessMemory request was completed. (0x12B)
[0403/120435.826:ERROR:process_memory_win.cc(73)] ReadMemory at 0x18e6a7aeb90 of 58 bytes failed: Only part of a ReadProcessMemory or WriteProcessMemory request was completed. (0x12B)
[0403/120435.826:ERROR:process_memory_win.cc(73)] ReadMemory at 0x18e6a7aebe0 of 64 bytes failed: Only part of a ReadProcessMemory or WriteProcessMemory request was completed. (0x12B)
[0403/120435.826:ERROR:process_memory_win.cc(73)] ReadMemory at 0x18e6a7aec30 of 60 bytes failed: Only part of a ReadProcessMemory or WriteProcessMemory request was completed. (0x12B)
[0403/120435.826:ERROR:process_memory_win.cc(73)] ReadMemory at 0x18e6a7aec80 of 58 bytes failed: Only part of a ReadProcessMemory or WriteProcessMemory request was completed. (0x12B)
[0403/120435.826:ERROR:process_memory_win.cc(73)] ReadMemory at 0x18e6a7aecd0 of 62 bytes failed: Only part of a ReadProcessMemory or WriteProcessMemory request was completed. (0x12B)
[0403/120435.826:ERROR:process_memory_win.cc(73)] ReadMemory at 0x18e6a7aed70 of 60 bytes failed: Only part of a ReadProcessMemory or WriteProcessMemory request was completed. (0x12B)
[0403/120435.826:ERROR:process_memory_win.cc(73)] ReadMemory at 0x18e6a7aedc0 of 62 bytes failed: Only part of a ReadProcessMemory or WriteProcessMemory request was completed. (0x12B)
[0403/120435.826:ERROR:process_memory_win.cc(73)] ReadMemory at 0x18e6a7aee10 of 62 bytes failed: Only part of a ReadProcessMemory or WriteProcessMemory request was completed. (0x12B)
[0403/120435.826:ERROR:process_memory_win.cc(73)] ReadMemory at 0x18e6a7aef50 of 62 bytes failed: Only part of a ReadProcessMemory or WriteProcessMemory request was completed. (0x12B)
[0403/120435.826:ERROR:process_memory_win.cc(73)] ReadMemory at 0x18e6a7aefa0 of 64 bytes failed: Only part of a ReadProcessMemory or WriteProcessMemory request was completed. (0x12B)
[0403/120435.827:ERROR:process_memory_win.cc(73)] ReadMemory at 0x18e6a7af090 of 64 bytes failed: Only part of a ReadProcessMemory or WriteProcessMemory request was completed. (0x12B)
[0403/120435.894:ERROR:process_memory_win.cc(73)] ReadMemory at 0x18e6a7af0e0 of 60 bytes failed: Only part of a ReadProcessMemory or WriteProcessMemory request was completed. (0x12B)
[0403/120435.894:ERROR:process_memory_win.cc(73)] ReadMemory at 0x18e6a7af130 of 64 bytes failed: Only part of a ReadProcessMemory or WriteProcessMemory request was completed. (0x12B)
[0403/120435.894:ERROR:process_memory_win.cc(73)] ReadMemory at 0x18e6a7b1ce0 of 132 bytes failed: Only part of a ReadProcessMemory or WriteProcessMemory request was completed. (0x12B)
[0403/120435.894:ERROR:process_memory_win.cc(73)] ReadMemory at 0x18e6a7b21a0 of 132 bytes failed: Only part of a ReadProcessMemory or WriteProcessMemory request was completed. (0x12B)
[0403/120435.894:ERROR:process_memory_win.cc(73)] ReadMemory at 0x18e6a7b2530 of 132 bytes failed: Only part of a ReadProcessMemory or WriteProcessMemory request was completed. (0x12B)
[0403/120435.894:ERROR:process_memory_win.cc(73)] ReadMemory at 0x18e6a7b2b20 of 132 bytes failed: Only part of a ReadProcessMemory or WriteProcessMemory request was completed. (0x12B)
[0403/120435.894:ERROR:process_memory_win.cc(73)] ReadMemory at 0x18e6a7b35d0 of 132 bytes failed: Only part of a ReadProcessMemory or WriteProcessMemory request was completed. (0x12B)
[0403/120435.894:ERROR:process_memory_win.cc(73)] ReadMemory at 0x18e6a7c9180 of 512 bytes failed: Only part of a ReadProcessMemory or WriteProcessMemory request was completed. (0x12B)
[0403/120436.167:ERROR:process_memory_win.cc(73)] ReadMemory at 0x18e6a7cb090 of 512 bytes failed: Only part of a ReadProcessMemory or WriteProcessMemory request was completed. (0x12B)
[0403/120436.168:ERROR:process_memory_win.cc(73)] ReadMemory at 0x18e6aa60000 of 384 bytes failed: Only part of a ReadProcessMemory or WriteProcessMemory request was completed. (0x12B)
[0403/120436.168:ERROR:process_memory_win.cc(73)] ReadMemory at 0x18e6aa8cdb0 of 512 bytes failed: Only part of a ReadProcessMemory or WriteProcessMemory request was completed. (0x12B)
[0403/120436.168:ERROR:process_memory_win.cc(73)] ReadMemory at 0x18e6aaa04a0 of 512 bytes failed: Only part of a ReadProcessMemory or WriteProcessMemory request was completed. (0x12B)
[0403/120436.168:ERROR:process_memory_win.cc(73)] ReadMemory at 0x18e6aaa6840 of 512 bytes failed: Only part of a ReadProcessMemory or WriteProcessMemory request was completed. (0x12B)
[0403/120436.168:ERROR:process_memory_win.cc(73)] ReadMemory at 0x18e6aaa7d20 of 896 bytes failed: Only part of a ReadProcessMemory or WriteProcessMemory request was completed. (0x12B)
[0403/120436.168:ERROR:process_memory_win.cc(73)] ReadMemory at 0x18e6aaa84a0 of 512 bytes failed: Only part of a ReadProcessMemory or WriteProcessMemory request was completed. (0x12B)
[0403/120436.168:ERROR:process_memory_win.cc(73)] ReadMemory at 0x18e6aab5d90 of 512 bytes failed: Only part of a ReadProcessMemory or WriteProcessMemory request was completed. (0x12B)
[0403/120436.168:ERROR:process_memory_win.cc(73)] ReadMemory at 0x18e6aabfc40 of 512 bytes failed: Only part of a ReadProcessMemory or WriteProcessMemory request was completed. (0x12B)
[0403/120436.168:ERROR:process_memory_win.cc(73)] ReadMemory at 0x18e6aacb090 of 512 bytes failed: Only part of a ReadProcessMemory or WriteProcessMemory request was completed. (0x12B)
[0403/120436.169:ERROR:process_memory_win.cc(73)] ReadMemory at 0x18e6aad1890 of 512 bytes failed: Only part of a ReadProcessMemory or WriteProcessMemory request was completed. (0x12B)
[0403/120436.169:ERROR:process_memory_win.cc(73)] ReadMemory at 0x18e6aaf9b90 of 696 bytes failed: Only part of a ReadProcessMemory or WriteProcessMemory request was completed. (0x12B)
[0403/120436.169:ERROR:process_memory_win.cc(73)] ReadMemory at 0x18e6aaf9f20 of 512 bytes failed: Only part of a ReadProcessMemory or WriteProcessMemory request was completed. (0x12B)
[0403/120436.169:ERROR:process_memory_win.cc(73)] ReadMemory at 0x18e6abe9d90 of 512 bytes failed: Only part of a ReadProcessMemory or WriteProcessMemory request was completed. (0x12B)
[0403/120436.169:ERROR:process_memory_win.cc(73)] ReadMemory at 0x18e6b130000 of 384 bytes failed: Only part of a ReadProcessMemory or WriteProcessMemory request was completed. (0x12B)
[0403/120436.193:ERROR:process_memory_win.cc(73)] ReadMemory at 0x18e6b137468 of 512 bytes failed: Only part of a ReadProcessMemory or WriteProcessMemory request was completed. (0x12B)
[0403/120436.193:ERROR:process_memory_win.cc(73)] ReadMemory at 0x18e6cd78a80 of 512 bytes failed: Only part of a ReadProcessMemory or WriteProcessMemory request was completed. (0x12B)
[0403/120436.193:ERROR:process_memory_win.cc(73)] ReadMemory at 0x18e6cda58f0 of 512 bytes failed: Only part of a ReadProcessMemory or WriteProcessMemory request was completed. (0x12B)
[0403/120436.193:ERROR:process_memory_win.cc(73)] ReadMemory at 0x18e6d0d1968 of 512 bytes failed: Only part of a ReadProcessMemory or WriteProcessMemory request was completed. (0x12B)
[0403/120436.193:ERROR:process_memory_win.cc(73)] ReadMemory at 0x18e6da77240 of 512 bytes failed: Only part of a ReadProcessMemory or WriteProcessMemory request was completed. (0x12B)
[0403/120436.193:ERROR:process_memory_win.cc(73)] ReadMemory at 0x3e3e8091d00 of 640 bytes failed: Only part of a ReadProcessMemory or WriteProcessMemory request was completed. (0x12B)
[0403/120436.194:ERROR:process_memory_win.cc(73)] ReadMemory at 0x308f5936eeb1 of 512 bytes failed: Only part of a ReadProcessMemory or WriteProcessMemory request was completed. (0x12B)
[0403/120436.194:ERROR:process_memory_win.cc(73)] ReadMemory at 0x7fff6f762fb0 of 512 bytes failed: Only part of a ReadProcessMemory or WriteProcessMemory request was completed. (0x12B)
[0403/120436.194:ERROR:process_memory_win.cc(73)] ReadMemory at 0x7fff72eaf474 of 512 bytes failed: Only part of a ReadProcessMemory or WriteProcessMemory request was completed. (0x12B)
[0403/120436.194:ERROR:process_memory_win.cc(73)] ReadMemory at 0x7fff90b5e6ee of 512 bytes failed: Only part of a ReadProcessMemory or WriteProcessMemory request was completed. (0x12B)
[0403/120436.194:ERROR:process_memory_win.cc(73)] ReadMemory at 0x7fff90b5f823 of 512 bytes failed: Only part of a ReadProcessMemory or WriteProcessMemory request was completed. (0x12B)
[0403/120436.194:ERROR:process_memory_win.cc(73)] ReadMemory at 0x7fffbafc0b90 of 512 bytes failed: Only part of a ReadProcessMemory or WriteProcessMemory request was completed. (0x12B)
[0403/120436.194:ERROR:process_memory_win.cc(73)] ReadMemory at 0x7fffbcff6270 of 512 bytes failed: Only part of a ReadProcessMemory or WriteProcessMemory request was completed. (0x12B)
[0403/120436.194:ERROR:process_memory_win.cc(73)] ReadMemory at 0x7fffbcff79f0 of 512 bytes failed: Only part of a ReadProcessMemory or WriteProcessMemory request was completed. (0x12B)
[0403/120436.211:ERROR:process_memory_win.cc(73)] ReadMemory at 0x7fffbcff82e0 of 512 bytes failed: Only part of a ReadProcessMemory or WriteProcessMemory request was completed. (0x12B)
[0403/120436.211:ERROR:process_memory_win.cc(73)] ReadMemory at 0x7fffbcffa0d0 of 512 bytes failed: Only part of a ReadProcessMemory or WriteProcessMemory request was completed. (0x12B)
[0403/120436.211:ERROR:process_memory_win.cc(73)] ReadMemory at 0x7fffbd06a9a4 of 672 bytes failed: Only part of a ReadProcessMemory or WriteProcessMemory request was completed. (0x12B)
[0403/120436.212:ERROR:process_memory_win.cc(73)] ReadMemory at 0x7fffbd06e214 of 608 bytes failed: Only part of a ReadProcessMemory or WriteProcessMemory request was completed. (0x12B)
[0403/120436.228:ERROR:process_memory_win.cc(73)] ReadMemory at 0x7fffbd0e9380 of 512 bytes failed: Only part of a ReadProcessMemory or WriteProcessMemory request was completed. (0x12B)
[0403/120436.278:ERROR:process_memory_win.cc(73)] ReadMemory at 0x7fffbd0f01e0 of 18 bytes failed: Only part of a ReadProcessMemory or WriteProcessMemory request was completed. (0x12B)
[0403/120436.279:ERROR:process_memory_win.cc(73)] ReadMemory at 0x7fffbd1265b0 of 40 bytes failed: Only part of a ReadProcessMemory or WriteProcessMemory request was completed. (0x12B)
[0403/120436.279:ERROR:process_memory_win.cc(73)] ReadMemory at 0x7fffbd126a08 of 48 bytes failed: Only part of a ReadProcessMemory or WriteProcessMemory request was completed. (0x12B)
[0403/120436.295:ERROR:process_memory_win.cc(73)] ReadMemory at 0x7fffbd12c360 of 64 bytes failed: Only part of a ReadProcessMemory or WriteProcessMemory request was completed. (0x12B)
[0403/120436.463:ERROR:scoped_process_suspend.cc(40)] NtResumeProcess: An attempt was made to access an exiting process. (0xc000010a)
[0409/093100.045:ERROR:settings.cc(320)] Settings magic is not 1129342067
[0423/110723.746:ERROR:crash_report_database_win.cc(428)] unexpected header
[0423/141349.977:ERROR:crash_report_database_win.cc(428)] unexpected header
[0423/142349.979:ERROR:crash_report_database_win.cc(428)] unexpected header
[0423/142349.979:ERROR:crash_report_database_win.cc(428)] unexpected header
[0423/142849.978:ERROR:crash_report_database_win.cc(428)] unexpected header
[0424/093640.493:ERROR:crash_report_database_win.cc(428)] unexpected header
[0424/094640.496:ERROR:crash_report_database_win.cc(428)] unexpected header
[0424/094640.497:ERROR:crash_report_database_win.cc(428)] unexpected header
[0424/095140.494:ERROR:crash_report_database_win.cc(428)] unexpected header
[0424/100640.496:ERROR:crash_report_database_win.cc(428)] unexpected header
[0424/150046.044:ERROR:settings.cc(320)] Settings magic is not 1129342067
[0424/150046.069:ERROR:crash_report_database_win.cc(428)] unexpected header
[0424/151046.072:ERROR:crash_report_database_win.cc(428)] unexpected header
[0424/151046.073:ERROR:crash_report_database_win.cc(428)] unexpected header
[0424/160121.794:ERROR:crash_report_database_win.cc(428)] unexpected header
[0425/093547.764:ERROR:settings.cc(320)] Settings magic is not 1129342067
[0425/093547.858:ERROR:crash_report_database_win.cc(428)] unexpected header
[0425/094548.050:ERROR:crash_report_database_win.cc(428)] unexpected header
[0425/094548.166:ERROR:crash_report_database_win.cc(428)] unexpected header
[0425/132103.589:ERROR:settings.cc(320)] Settings magic is not 1129342067
[0425/132103.951:ERROR:crash_report_database_win.cc(428)] unexpected header
[0425/133103.655:ERROR:crash_report_database_win.cc(428)] unexpected header
[0425/133103.655:ERROR:crash_report_database_win.cc(428)] unexpected header
[0425/133603.953:ERROR:crash_report_database_win.cc(428)] unexpected header
[0425/135103.981:ERROR:crash_report_database_win.cc(428)] unexpected header
[0425/140603.981:ERROR:crash_report_database_win.cc(428)] unexpected header
[0426/093023.215:ERROR:crash_report_database_win.cc(428)] unexpected header
[0426/094023.216:ERROR:crash_report_database_win.cc(428)] unexpected header
[0426/094023.217:ERROR:crash_report_database_win.cc(428)] unexpected header
[0429/093623.923:ERROR:crash_report_database_win.cc(428)] unexpected header
[0429/094623.925:ERROR:crash_report_database_win.cc(428)] unexpected header
[0429/094623.997:ERROR:crash_report_database_win.cc(428)] unexpected header
[0429/095124.024:ERROR:crash_report_database_win.cc(428)] unexpected header
[0429/100624.038:ERROR:crash_report_database_win.cc(428)] unexpected header
[0429/103758.702:ERROR:crash_report_database_win.cc(428)] unexpected header
[0429/104758.709:ERROR:crash_report_database_win.cc(428)] unexpected header
[0429/104758.710:ERROR:crash_report_database_win.cc(428)] unexpected header
[0429/133756.860:ERROR:crash_report_database_win.cc(428)] unexpected header
[0429/134026.228:ERROR:crash_report_database_win.cc(428)] unexpected header
[0429/141700.518:ERROR:settings.cc(320)] Settings magic is not 1129342067
